빌드 시작: 2015. 6. 25. 오후 11:35:27
2 노드의 "C:\Users\Truth\Desktop\Block_C++ - 복사본\Block_C++\Block_C++.vcxproj" 프로젝트(Build 대상)입니다.
ClCompile:
  C:\Program Files (x86)\Microsoft Visual Studio 12.0\VC\bin\CL.exe /c /ZI /nologo /W3 /WX- /Od /Oy- /D WIN32 /D _DEBUG /D _CONSOLE /D _LIB /D _UNICODE /D UNICODE /Gm /EHsc /RTC1 /MDd /GS /fp:precise /Zc:wchar_t /Zc:forScope /Fo"Debug\\" /Fd"Debug\vc120.pdb" /Gd /TP /analyze- /errorReport:prompt CBall.cpp CBlock.cpp CFailScene.cpp CGameScene.cpp CPlayer.cpp CReadyScene.cpp CResultScene.cpp CwinScene.cpp
  CGameScene.cpp
c:\users\truth\desktop\block_c++ - 복사본\block_c++\cgamescene.cpp(73): warning C4996: 'sprintf': This function or variable may be unsafe. Consider using sprintf_s instead. To disable deprecation, use _CRT_SECURE_NO_WARNINGS. See online help for details.
          c:\program files (x86)\microsoft visual studio 12.0\vc\include\stdio.h(356) : 'sprintf' 선언을 참조하십시오.
c:\users\truth\desktop\block_c++ - 복사본\block_c++\cgamescene.cpp(76): warning C4996: 'sprintf': This function or variable may be unsafe. Consider using sprintf_s instead. To disable deprecation, use _CRT_SECURE_NO_WARNINGS. See online help for details.
          c:\program files (x86)\microsoft visual studio 12.0\vc\include\stdio.h(356) : 'sprintf' 선언을 참조하십시오.
c:\users\truth\desktop\block_c++ - 복사본\block_c++\cgamescene.cpp(79): warning C4996: 'sprintf': This function or variable may be unsafe. Consider using sprintf_s instead. To disable deprecation, use _CRT_SECURE_NO_WARNINGS. See online help for details.
          c:\program files (x86)\microsoft visual studio 12.0\vc\include\stdio.h(356) : 'sprintf' 선언을 참조하십시오.
c:\users\truth\desktop\block_c++ - 복사본\block_c++\cgamescene.cpp(84): warning C4996: 'sprintf': This function or variable may be unsafe. Consider using sprintf_s instead. To disable deprecation, use _CRT_SECURE_NO_WARNINGS. See online help for details.
          c:\program files (x86)\microsoft visual studio 12.0\vc\include\stdio.h(356) : 'sprintf' 선언을 참조하십시오.
  CBlock.cpp
  코드를 생성하고 있습니다...
  건너뛰고 있습니다... (관련된 변경 내용 없음)
  CwinScene.cpp
  CResultScene.cpp
  CReadyScene.cpp
  CPlayer.cpp
  CFailScene.cpp
  CBall.cpp
Link:
  C:\Program Files (x86)\Microsoft Visual Studio 12.0\VC\bin\link.exe /ERRORREPORT:PROMPT /OUT:"C:\Users\Truth\Desktop\Block_C++ - 복사본\Debug\Block_C++.exe" /INCREMENTAL /NOLOGO fmodex_vc.lib kernel32.lib user32.lib gdi32.lib winspool.lib comdlg32.lib advapi32.lib shell32.lib ole32.lib oleaut32.lib uuid.lib odbc32.lib odbccp32.lib /MANIFEST /MANIFESTUAC:"level='asInvoker' uiAccess='false'" /manifest:embed /DEBUG /PDB:"C:\Users\Truth\Desktop\Block_C++ - 복사본\Debug\Block_C++.pdb" /SUBSYSTEM:CONSOLE /TLBID:1 /DYNAMICBASE /NXCOMPAT /IMPLIB:"C:\Users\Truth\Desktop\Block_C++ - 복사본\Debug\Block_C++.lib" /MACHINE:X86 Debug\CBall.obj
  Debug\CBlock.obj
  Debug\CFailScene.obj
  Debug\CGameScene.obj
  Debug\CInitScene.obj
  Debug\CPlayer.obj
  Debug\CReadyScene.obj
  Debug\CGameData.obj
  Debug\CResultScene.obj
  Debug\CwinScene.obj
  Debug\IObject.obj
  Debug\main.obj
  Debug\SoundFunc.obj
  Debug\ScreenFunc.obj
  Block_C++.vcxproj -> C:\Users\Truth\Desktop\Block_C++ - 복사본\Debug\Block_C++.exe
"C:\Users\Truth\Desktop\Block_C++ - 복사본\Block_C++\Block_C++.vcxproj" 프로젝트를 빌드했습니다(Build 대상).

빌드했습니다.

경과 시간: 00:00:01.51
