빌드 시작: 2015. 6. 25. 오전 1:00:41
2 노드의 "C:\Users\Truth\Desktop\Block_C++ - 복사본\Block_C++\Block_C++.vcxproj" 프로젝트(Build 대상)입니다.
ClCompile:
  C:\Program Files (x86)\Microsoft Visual Studio 12.0\VC\bin\CL.exe /c /Zi /nologo /W3 /WX- /O2 /Oi /Oy- /GL /D WIN32 /D NDEBUG /D _CONSOLE /D _LIB /D _UNICODE /D UNICODE /Gm- /EHsc /MT /GS /Gy /fp:precise /Zc:wchar_t /Zc:forScope /Fo"Release\\" /Fd"Release\vc120.pdb" /Gd /TP /analyze- /errorReport:prompt CBall.cpp CBlock.cpp CFailScene.cpp CGameScene.cpp CInitScene.cpp CPlayer.cpp CReadyScene.cpp CGameData.cpp CResultScene.cpp CwinScene.cpp IObject.cpp main.cpp SoundFunc.cpp ScreenFunc.cpp
  CBall.cpp
  CBlock.cpp
  CFailScene.cpp
CFailScene.cpp(47): warning C4996: 'getch': The POSIX name for this item is deprecated. Instead, use the ISO C++ conformant name: _getch. See online help for details.
          C:\Program Files (x86)\Microsoft Visual Studio 12.0\VC\include\conio.h(131) : 'getch' 선언을 참조하십시오.
  CGameScene.cpp
CGameScene.cpp(73): warning C4996: 'sprintf': This function or variable may be unsafe. Consider using sprintf_s instead. To disable deprecation, use _CRT_SECURE_NO_WARNINGS. See online help for details.
          C:\Program Files (x86)\Microsoft Visual Studio 12.0\VC\include\stdio.h(356) : 'sprintf' 선언을 참조하십시오.
CGameScene.cpp(76): warning C4996: 'sprintf': This function or variable may be unsafe. Consider using sprintf_s instead. To disable deprecation, use _CRT_SECURE_NO_WARNINGS. See online help for details.
          C:\Program Files (x86)\Microsoft Visual Studio 12.0\VC\include\stdio.h(356) : 'sprintf' 선언을 참조하십시오.
CGameScene.cpp(79): warning C4996: 'sprintf': This function or variable may be unsafe. Consider using sprintf_s instead. To disable deprecation, use _CRT_SECURE_NO_WARNINGS. See online help for details.
          C:\Program Files (x86)\Microsoft Visual Studio 12.0\VC\include\stdio.h(356) : 'sprintf' 선언을 참조하십시오.
CGameScene.cpp(84): warning C4996: 'sprintf': This function or variable may be unsafe. Consider using sprintf_s instead. To disable deprecation, use _CRT_SECURE_NO_WARNINGS. See online help for details.
          C:\Program Files (x86)\Microsoft Visual Studio 12.0\VC\include\stdio.h(356) : 'sprintf' 선언을 참조하십시오.
  CInitScene.cpp
CInitScene.cpp(41): warning C4996: 'getch': The POSIX name for this item is deprecated. Instead, use the ISO C++ conformant name: _getch. See online help for details.
          C:\Program Files (x86)\Microsoft Visual Studio 12.0\VC\include\conio.h(131) : 'getch' 선언을 참조하십시오.
  CPlayer.cpp
  CReadyScene.cpp
CReadyScene.cpp(48): warning C4996: 'sprintf': This function or variable may be unsafe. Consider using sprintf_s instead. To disable deprecation, use _CRT_SECURE_NO_WARNINGS. See online help for details.
          C:\Program Files (x86)\Microsoft Visual Studio 12.0\VC\include\stdio.h(356) : 'sprintf' 선언을 참조하십시오.
  CGameData.cpp
  CResultScene.cpp
CResultScene.cpp(50): warning C4996: 'sprintf': This function or variable may be unsafe. Consider using sprintf_s instead. To disable deprecation, use _CRT_SECURE_NO_WARNINGS. See online help for details.
          C:\Program Files (x86)\Microsoft Visual Studio 12.0\VC\include\stdio.h(356) : 'sprintf' 선언을 참조하십시오.
  CwinScene.cpp
CwinScene.cpp(49): warning C4996: 'sprintf': This function or variable may be unsafe. Consider using sprintf_s instead. To disable deprecation, use _CRT_SECURE_NO_WARNINGS. See online help for details.
          C:\Program Files (x86)\Microsoft Visual Studio 12.0\VC\include\stdio.h(356) : 'sprintf' 선언을 참조하십시오.
CwinScene.cpp(51): warning C4996: 'sprintf': This function or variable may be unsafe. Consider using sprintf_s instead. To disable deprecation, use _CRT_SECURE_NO_WARNINGS. See online help for details.
          C:\Program Files (x86)\Microsoft Visual Studio 12.0\VC\include\stdio.h(356) : 'sprintf' 선언을 참조하십시오.
  IObject.cpp
IObject.cpp(10): warning C4996: 'strcpy': This function or variable may be unsafe. Consider using strcpy_s instead. To disable deprecation, use _CRT_SECURE_NO_WARNINGS. See online help for details.
          C:\Program Files (x86)\Microsoft Visual Studio 12.0\VC\include\string.h(112) : 'strcpy' 선언을 참조하십시오.
IObject.cpp(18): warning C4018: '<' : signed 또는 unsigned가 일치하지 않습니다.
IObject.cpp(24): warning C4018: '<' : signed 또는 unsigned가 일치하지 않습니다.
  main.cpp
  SoundFunc.cpp
  ScreenFunc.cpp
ScreenFunc.cpp(8): warning C4101: 'dw' :참조되지 않은 지역 변수입니다.
ScreenFunc.cpp(30): warning C4996: 'sprintf': This function or variable may be unsafe. Consider using sprintf_s instead. To disable deprecation, use _CRT_SECURE_NO_WARNINGS. See online help for details.
          C:\Program Files (x86)\Microsoft Visual Studio 12.0\VC\include\stdio.h(356) : 'sprintf' 선언을 참조하십시오.
Link:
  C:\Program Files (x86)\Microsoft Visual Studio 12.0\VC\bin\link.exe /ERRORREPORT:PROMPT /OUT:"C:\Users\Truth\Desktop\Block_C++ - 복사본\Release\Block_C++.exe" /INCREMENTAL:NO /NOLOGO fmodex_vc.lib kernel32.lib user32.lib gdi32.lib winspool.lib comdlg32.lib advapi32.lib shell32.lib ole32.lib oleaut32.lib uuid.lib odbc32.lib odbccp32.lib /MANIFEST /MANIFESTUAC:"level='asInvoker' uiAccess='false'" /manifest:embed /DEBUG /PDB:"C:\Users\Truth\Desktop\Block_C++ - 복사본\Release\Block_C++.pdb" /SUBSYSTEM:CONSOLE /OPT:REF /OPT:ICF /LTCG /TLBID:1 /DYNAMICBASE /NXCOMPAT /IMPLIB:"C:\Users\Truth\Desktop\Block_C++ - 복사본\Release\Block_C++.lib" /MACHINE:X86 /SAFESEH Release\CBall.obj
  Release\CBlock.obj
  Release\CFailScene.obj
  Release\CGameScene.obj
  Release\CInitScene.obj
  Release\CPlayer.obj
  Release\CReadyScene.obj
  Release\CGameData.obj
  Release\CResultScene.obj
  Release\CwinScene.obj
  Release\IObject.obj
  Release\main.obj
  Release\SoundFunc.obj
  Release\ScreenFunc.obj
  코드를 생성하고 있습니다.
  코드를 생성했습니다.
  Block_C++.vcxproj -> C:\Users\Truth\Desktop\Block_C++ - 복사본\Release\Block_C++.exe
"C:\Users\Truth\Desktop\Block_C++ - 복사본\Block_C++\Block_C++.vcxproj" 프로젝트를 빌드했습니다(Build 대상).

빌드했습니다.

경과 시간: 00:00:05.92
